# JRE version: Java(TM) SE Runtime Environment (8.0_141-b15) (build 1.8.0_141-b15)
# Java VM: Java HotSpot(TM) 64-Bit Server VM (25.141-b15 mixed mode windows-amd64 compressed oops)
Heap:
 PSYoungGen      total 204800K, used 153162K [0x000000076b200000, 0x000000077c500000, 0x00000007c0000000)
  eden space 196096K, 78% used [0x000000076b200000,0x00000007747929d0,0x0000000777180000)
  from space 8704K, 0% used [0x000000077bc80000,0x000000077bc80000,0x000000077c500000)
  to   space 10752K, 0% used [0x000000077b000000,0x000000077b000000,0x000000077ba80000)
 ParOldGen       total 103936K, used 18471K [0x00000006c1600000, 0x00000006c7b80000, 0x000000076b200000)
  object space 103936K, 17% used [0x00000006c1600000,0x00000006c2809fa0,0x00000006c7b80000)
 Metaspace       used 39241K, capacity 41117K, committed 41344K, reserved 1087488K
  class space    used 5374K, capacity 5739K, committed 5760K, reserved 1048576K
GC Heap History (10 events):
Event: 2.645 GC heap before
{Heap before GC invocations=4 (full 1):
 PSYoungGen      total 141824K, used 9508K [0x000000076b200000, 0x000000077c700000, 0x00000007c0000000)
  eden space 131072K, 0% used [0x000000076b200000,0x000000076b200000,0x0000000773200000)
  from space 10752K, 88% used [0x0000000773200000,0x0000000773b493a0,0x0000000773c80000)
  to   space 10752K, 0% used [0x000000077bc80000,0x000000077bc80000,0x000000077c700000)
 ParOldGen       total 175104K, used 32K [0x00000006c1600000, 0x00000006cc100000, 0x000000076b200000)
  object space 175104K, 0% used [0x00000006c1600000,0x00000006c1608000,0x00000006cc100000)
 Metaspace       used 20490K, capacity 21220K, committed 21296K, reserved 1067008K
  class space    used 2749K, capacity 2924K, committed 2944K, reserved 1048576K
Event: 2.669 GC heap after
Heap after GC invocations=4 (full 1):
 PSYoungGen      total 141824K, used 0K [0x000000076b200000, 0x000000077c700000, 0x00000007c0000000)
  eden space 131072K, 0% used [0x000000076b200000,0x000000076b200000,0x0000000773200000)
  from space 10752K, 0% used [0x0000000773200000,0x0000000773200000,0x0000000773c80000)
  to   space 10752K, 0% used [0x000000077bc80000,0x000000077bc80000,0x000000077c700000)
 ParOldGen       total 103936K, used 9064K [0x00000006c1600000, 0x00000006c7b80000, 0x000000076b200000)
  object space 103936K, 8% used [0x00000006c1600000,0x00000006c1eda118,0x00000006c7b80000)
 Metaspace       used 20488K, capacity 21214K, committed 21296K, reserved 1067008K
  class space    used 2748K, capacity 2923K, committed 2944K, reserved 1048576K
}
Event: 5.586 GC heap before
{Heap before GC invocations=5 (full 1):
 PSYoungGen      total 141824K, used 131072K [0x000000076b200000, 0x000000077c700000, 0x00000007c0000000)
  eden space 131072K, 100% used [0x000000076b200000,0x0000000773200000,0x0000000773200000)
  from space 10752K, 0% used [0x0000000773200000,0x0000000773200000,0x0000000773c80000)
  to   space 10752K, 0% used [0x000000077bc80000,0x000000077bc80000,0x000000077c700000)
 ParOldGen       total 103936K, used 9064K [0x00000006c1600000, 0x00000006c7b80000, 0x000000076b200000)
  object space 103936K, 8% used [0x00000006c1600000,0x00000006c1eda118,0x00000006c7b80000)
 Metaspace       used 26236K, capacity 27204K, committed 27392K, reserved 1073152K
  class space    used 3562K, capacity 3786K, committed 3840K, reserved 1048576K
Event: 5.590 GC heap after
Heap after GC invocations=5 (full 1):
 PSYoungGen      total 204800K, used 8586K [0x000000076b200000, 0x000000077c500000, 0x00000007c0000000)
  eden space 196096K, 0% used [0x000000076b200000,0x000000076b200000,0x0000000777180000)
  from space 8704K, 98% used [0x000000077bc80000,0x000000077c4e2a00,0x000000077c500000)
  to   space 10752K, 0% used [0x000000077b000000,0x000000077b000000,0x000000077ba80000)
 ParOldGen       total 103936K, used 9136K [0x00000006c1600000, 0x00000006c7b80000, 0x000000076b200000)
  object space 103936K, 8% used [0x00000006c1600000,0x00000006c1eec128,0x00000006c7b80000)
 Metaspace       used 26236K, capacity 27204K, committed 27392K, reserved 1073152K
  class space    used 3562K, capacity 3786K, committed 3840K, reserved 1048576K
}
Event: 6.308 GC heap before
{Heap before GC invocations=6 (full 1):
 PSYoungGen      total 204800K, used 204682K [0x000000076b200000, 0x000000077c500000, 0x00000007c0000000)
  eden space 196096K, 100% used [0x000000076b200000,0x0000000777180000,0x0000000777180000)
  from space 8704K, 98% used [0x000000077bc80000,0x000000077c4e2a00,0x000000077c500000)
  to   space 10752K, 0% used [0x000000077b000000,0x000000077b000000,0x000000077ba80000)
 ParOldGen       total 103936K, used 9136K [0x00000006c1600000, 0x00000006c7b80000, 0x000000076b200000)
  object space 103936K, 8% used [0x00000006c1600000,0x00000006c1eec128,0x00000006c7b80000)
 Metaspace       used 29966K, capacity 31168K, committed 31488K, reserved 1077248K
  class space    used 4073K, capacity 4334K, committed 4352K, reserved 1048576K
Event: 6.315 GC heap after
Heap after GC invocations=6 (full 1):
 PSYoungGen      total 206848K, used 10751K [0x000000076b200000, 0x000000077c500000, 0x00000007c0000000)
  eden space 196096K, 0% used [0x000000076b200000,0x000000076b200000,0x0000000777180000)
  from space 10752K, 99% used [0x000000077b000000,0x000000077ba7fd90,0x000000077ba80000)
  to   space 8704K, 0% used [0x000000077bc80000,0x000000077bc80000,0x000000077c500000)
 ParOldGen       total 103936K, used 12030K [0x00000006c1600000, 0x00000006c7b80000, 0x000000076b200000)
  object space 103936K, 11% used [0x00000006c1600000,0x00000006c21bf8e8,0x00000006c7b80000)
 Metaspace       used 29966K, capacity 31168K, committed 31488K, reserved 1077248K
  class space    used 4073K, capacity 4334K, committed 4352K, reserved 1048576K
}
Event: 6.735 GC heap before
{Heap before GC invocations=7 (full 1):
 PSYoungGen      total 206848K, used 116605K [0x000000076b200000, 0x000000077c500000, 0x00000007c0000000)
  eden space 196096K, 53% used [0x000000076b200000,0x000000077195f998,0x0000000777180000)
  from space 10752K, 99% used [0x000000077b000000,0x000000077ba7fd90,0x000000077ba80000)
  to   space 8704K, 0% used [0x000000077bc80000,0x000000077bc80000,0x000000077c500000)
 ParOldGen       total 103936K, used 12030K [0x00000006c1600000, 0x00000006c7b80000, 0x000000076b200000)
  object space 103936K, 11% used [0x00000006c1600000,0x00000006c21bf8e8,0x00000006c7b80000)
 Metaspace       used 34035K, capacity 35388K, committed 35456K, reserved 1079296K
  class space    used 4632K, capacity 4928K, committed 4992K, reserved 1048576K
Event: 6.740 GC heap after
Heap after GC invocations=7 (full 1):
 PSYoungGen      total 204800K, used 8683K [0x000000076b200000, 0x000000077c500000, 0x00000007c0000000)
  eden space 196096K, 0% used [0x000000076b200000,0x000000076b200000,0x0000000777180000)
  from space 8704K, 99% used [0x000000077bc80000,0x000000077c4fad68,0x000000077c500000)
  to   space 10752K, 0% used [0x000000077b000000,0x000000077b000000,0x000000077ba80000)
 ParOldGen       total 103936K, used 16267K [0x00000006c1600000, 0x00000006c7b80000, 0x000000076b200000)
  object space 103936K, 15% used [0x00000006c1600000,0x00000006c25e2c18,0x00000006c7b80000)
 Metaspace       used 34035K, capacity 35388K, committed 35456K, reserved 1079296K
  class space    used 4632K, capacity 4928K, committed 4992K, reserved 1048576K
}
Event: 6.740 GC heap before
{Heap before GC invocations=8 (full 2):
 PSYoungGen      total 204800K, used 8683K [0x000000076b200000, 0x000000077c500000, 0x00000007c0000000)
  eden space 196096K, 0% used [0x000000076b200000,0x000000076b200000,0x0000000777180000)
  from space 8704K, 99% used [0x000000077bc80000,0x000000077c4fad68,0x000000077c500000)
  to   space 10752K, 0% used [0x000000077b000000,0x000000077b000000,0x000000077ba80000)
 ParOldGen       total 103936K, used 16267K [0x00000006c1600000, 0x00000006c7b80000, 0x000000076b200000)
  object space 103936K, 15% used [0x00000006c1600000,0x00000006c25e2c18,0x00000006c7b80000)
 Metaspace       used 34035K, capacity 35388K, committed 35456K, reserved 1079296K
  class space    used 4632K, capacity 4928K, committed 4992K, reserved 1048576K
Event: 6.764 GC heap after
Heap after GC invocations=8 (full 2):
 PSYoungGen      total 204800K, used 0K [0x000000076b200000, 0x000000077c500000, 0x00000007c0000000)
  eden space 196096K, 0% used [0x000000076b200000,0x000000076b200000,0x0000000777180000)
  from space 8704K, 0% used [0x000000077bc80000,0x000000077bc80000,0x000000077c500000)
  to   space 10752K, 0% used [0x000000077b000000,0x000000077b000000,0x000000077ba80000)
 ParOldGen       total 103936K, used 18471K [0x00000006c1600000, 0x00000006c7b80000, 0x000000076b200000)
  object space 103936K, 17% used [0x00000006c1600000,0x00000006c2809fa0,0x00000006c7b80000)
 Metaspace       used 34035K, capacity 35388K, committed 35456K, reserved 1079296K
  class space    used 4632K, capacity 4928K, committed 4992K, reserved 1048576K
}

